<?xml version="1.0" encoding="UTF-8"?>
<!-- Generated by org.testng.reporters.JUnitXMLReporter -->
<testsuite ignored="0" hostname="LAIMUMLT9002" failures="1" tests="8" name="Surefire test" time="17.166" errors="0" timestamp="2024-05-03T12:20:22 IST">
  <testcase classname="api.test.TestUser" name="test_postUser" time="6.026"/>
  <testcase classname="api.test.TestUser" name="test_getUser" time="1.285"/>
  <testcase classname="api.test.TestUser" name="test_putUser" time="1.188"/>
  <testcase classname="api.test.TestUser" name="test_deleteUser" time="1.142"/>
  <testcase classname="api.test.TestUserExcelDriven" name="testPostUser" time="1.094"/>
  <testcase classname="api.test.TestUserExcelDriven" name="testPostUser" time="1.187"/>
  <testcase classname="api.test.TestUserExcelDriven" name="testPostUser" time="1.115"/>
  <testcase classname="api.test.TestUserExcelDriven" name="testDeleteUser" time="0.0">
    <failure type="java.lang.RuntimeException" message="java.lang.NullPointerException: Cannot invoke &amp;quot;org.apache.poi.xssf.usermodel.XSSFSheet.getRow(int)&amp;quot; because &amp;quot;this.sheet&amp;quot; is null">
      <![CDATA[java.lang.RuntimeException: java.lang.NullPointerException: Cannot invoke "org.apache.poi.xssf.usermodel.XSSFSheet.getRow(int)" because "this.sheet" is null
at java.base/java.util.ArrayList.forEach(ArrayList.java:1511)
Caused by: java.lang.NullPointerException: Cannot invoke "org.apache.poi.xssf.usermodel.XSSFSheet.getRow(int)" because "this.sheet" is null
at api.utilities.XLUtility.getCellData(XLUtility.java:54)
at api.utilities.DataProviders.getUserNames(DataProviders.java:37)
... 30 more
... Removed 35 stack frames]]>
    </failure>
  </testcase> <!-- testDeleteUser -->
</testsuite> <!-- Surefire test -->
