<?xml version="1.0" encoding="UTF-8"?>
<!-- Generated by org.testng.reporters.JUnitXMLReporter -->
<testsuite ignored="0" hostname="LAIMUMLT9002" failures="1" tests="12" name="Surefire test" time="19.288" errors="0" timestamp="2024-05-04T15:01:16 IST">
  <testcase classname="api.test.TestPet" name="test_postPet" time="4.373"/>
  <testcase classname="api.test.TestPet" name="test_getPet" time="1.143"/>
  <testcase classname="api.test.TestPet" name="test_putPet" time="1.122"/>
  <testcase classname="api.test.TestPet" name="test_deletePet" time="1.154"/>
  <testcase classname="api.test.TestUser" name="test_postUser" time="1.1"/>
  <testcase classname="api.test.TestUser" name="test_getUser" time="1.132"/>
  <testcase classname="api.test.TestUser" name="test_putUser" time="1.131"/>
  <testcase classname="api.test.TestUser" name="test_deleteUser" time="1.131"/>
  <testcase classname="api.test.TestUserExcelDriven" name="testPostUser" time="1.128"/>
  <testcase classname="api.test.TestUserExcelDriven" name="testPostUser" time="1.129"/>
  <testcase classname="api.test.TestUserExcelDriven" name="testPostUser" time="1.129"/>
  <testcase classname="api.test.TestUserExcelDriven" name="testDeleteUser" time="0.0">
    <failure type="java.lang.RuntimeException" message="java.lang.NullPointerException: Cannot invoke &amp;quot;org.apache.poi.xssf.usermodel.XSSFSheet.getRow(int)&amp;quot; because &amp;quot;this.sheet&amp;quot; is null">
      <![CDATA[java.lang.RuntimeException: java.lang.NullPointerException: Cannot invoke "org.apache.poi.xssf.usermodel.XSSFSheet.getRow(int)" because "this.sheet" is null
at java.base/java.util.ArrayList.forEach(ArrayList.java:1511)
Caused by: java.lang.NullPointerException: Cannot invoke "org.apache.poi.xssf.usermodel.XSSFSheet.getRow(int)" because "this.sheet" is null
at api.utilities.XLUtility.getCellData(XLUtility.java:54)
at api.utilities.DataProviders.getUserNames(DataProviders.java:37)
... 30 more
... Removed 37 stack frames]]>
    </failure>
  </testcase> <!-- testDeleteUser -->
</testsuite> <!-- Surefire test -->
