<?xml version="1.0" encoding="UTF-8"?>
<!-- Generated by org.testng.reporters.JUnitXMLReporter -->
<testsuite ignored="0" hostname="LAIMUMLT9002" failures="0" tests="4" name="Default test" time="8.598" errors="0" timestamp="2024-05-04T17:53:15 IST">
  <testcase classname="api.test.TestStore" name="test_postStoreOrder" time="3.989"/>
  <testcase classname="api.test.TestStore" name="test_getStoreOrder" time="1.174"/>
  <testcase classname="api.test.TestStore" name="test_viewStoreInventory" time="1.139"/>
  <testcase classname="api.test.TestStore" name="test_deleteStoreOrder" time="1.143"/>
</testsuite> <!-- Default test -->
