<?xml version="1.0" encoding="UTF-8"?>
<!-- Generated by org.testng.reporters.JUnitXMLReporter -->
<testsuite ignored="0" hostname="LAIMUMLT9002" failures="1" tests="16" name="Test" time="24.41" errors="0" timestamp="2024-05-04T17:55:52 IST">
  <testcase classname="api.test.TestUser" name="test_postUser" time="4.018"/>
  <testcase classname="api.test.TestUser" name="test_getUser" time="1.191"/>
  <testcase classname="api.test.TestUser" name="test_putUser" time="1.212"/>
  <testcase classname="api.test.TestUser" name="test_deleteUser" time="1.076"/>
  <testcase classname="api.test.TestUserExcelDriven" name="testPostUser" time="1.18"/>
  <testcase classname="api.test.TestUserExcelDriven" name="testPostUser" time="1.122"/>
  <testcase classname="api.test.TestUserExcelDriven" name="testPostUser" time="1.117"/>
  <testcase classname="api.test.TestUserExcelDriven" name="testDeleteUser" time="0.0">
    <failure type="java.lang.RuntimeException" message="java.lang.NullPointerException: Cannot invoke &amp;quot;org.apache.poi.xssf.usermodel.XSSFSheet.getRow(int)&amp;quot; because &amp;quot;this.sheet&amp;quot; is null">
      <![CDATA[java.lang.RuntimeException: java.lang.NullPointerException: Cannot invoke "org.apache.poi.xssf.usermodel.XSSFSheet.getRow(int)" because "this.sheet" is null
at java.base/java.util.ArrayList.forEach(ArrayList.java:1511)
Caused by: java.lang.NullPointerException: Cannot invoke "org.apache.poi.xssf.usermodel.XSSFSheet.getRow(int)" because "this.sheet" is null
at api.utilities.XLUtility.getCellData(XLUtility.java:54)
at api.utilities.DataProviders.getUserNames(DataProviders.java:37)
... 25 more
... Removed 32 stack frames]]>
    </failure>
  </testcase> <!-- testDeleteUser -->
  <testcase classname="api.test.TestPet" name="test_postPet" time="1.103"/>
  <testcase classname="api.test.TestPet" name="test_getPet" time="1.109"/>
  <testcase classname="api.test.TestPet" name="test_putPet" time="1.106"/>
  <testcase classname="api.test.TestPet" name="test_deletePet" time="1.128"/>
  <testcase classname="api.test.TestStore" name="test_postStoreOrder" time="1.102"/>
  <testcase classname="api.test.TestStore" name="test_getStoreOrder" time="1.123"/>
  <testcase classname="api.test.TestStore" name="test_viewStoreInventory" time="1.175"/>
  <testcase classname="api.test.TestStore" name="test_deleteStoreOrder" time="1.093"/>
</testsuite> <!-- Test -->
