<?xml version="1.0" encoding="UTF-8"?>
<testsuite xmlns:xsi="http://www.w3.org/2001/XMLSchema-instance" xsi:noNamespaceSchemaLocation="https://maven.apache.org/surefire/maven-surefire-plugin/xsd/surefire-test-report-3.0.xsd" version="3.0" name="TestSuite" time="18.182" tests="8" errors="0" skipped="0" failures="1">
  <properties>
[...]
</properties>
  <testcase name="test_postUser" classname="api.test.TestUser" time="6.04">
    <system-out><![CDATA[HTTP/1.1 200 OK
Date: Fri, 03 May 2024 06:50:12 GMT
Content-Type: application/json
Transfer-Encoding: chunked
Connection: keep-alive
Access-Control-Allow-Origin: *
Access-Control-Allow-Methods: GET, POST, DELETE, PUT
Access-Control-Allow-Headers: Content-Type, api_key, Authorization
Server: Jetty(9.2.9.v20150224)

{
    "code": 200,
    "type": "unknown",
    "message": "887750041"
}
]]></system-out>
    <system-err><![CDATA[SLF4J: Failed to load class "org.slf4j.impl.StaticLoggerBinder".
SLF4J: Defaulting to no-operation (NOP) logger implementation
SLF4J: See http://www.slf4j.org/codes.html#StaticLoggerBinder for further details.
]]></system-err>
  </testcase>
  <testcase name="test_getUser" classname="api.test.TestUser" time="1.297">
    <system-out><![CDATA[Request method:	GET
Request URI:	https://petstore.swagger.io/v2/user/hollis.hirthe
Proxy:			<none>
Request params:	<none>
Query params:	<none>
Form params:	<none>
Path params:	username=hollis.hirthe
Headers:		Accept=application/json, application/javascript, text/javascript, text/json
Cookies:		<none>
Multiparts:		<none>
Body:			<none>
HTTP/1.1 200 OK
Date: Fri, 03 May 2024 06:50:13 GMT
Content-Type: application/json
Transfer-Encoding: chunked
Connection: keep-alive
Access-Control-Allow-Origin: *
Access-Control-Allow-Methods: GET, POST, DELETE, PUT
Access-Control-Allow-Headers: Content-Type, api_key, Authorization
Server: Jetty(9.2.9.v20150224)

{
    "id": 887750041,
    "username": "hollis.hirthe",
    "firstName": "Dorian",
    "lastName": "Keeling",
    "email": "layne.schowalter@example.com",
    "password": "ghtht149",
    "phone": "589-347-0214",
    "userStatus": 0
}
]]></system-out>
  </testcase>
  <testcase name="test_putUser" classname="api.test.TestUser" time="1.196">
    <system-out><![CDATA[Request method:	PUT
Request URI:	https://petstore.swagger.io/v2/user/hollis.hirthe
Proxy:			<none>
Request params:	<none>
Query params:	<none>
Form params:	<none>
Path params:	username=hollis.hirthe
Headers:		Accept=application/json, application/javascript, text/javascript, text/json
				Content-Type=application/json
Cookies:		<none>
Multiparts:		<none>
Body:
{
    "id": 887750041,
    "username": "hollis.hirthe",
    "firstName": "Jessie",
    "lastName": "Gleason",
    "email": "mabelle.pacocha@gmail.com",
    "password": "ghtht149",
    "phone": "589-347-0214",
    "userStatus": 0
}
HTTP/1.1 200 OK
Date: Fri, 03 May 2024 06:50:15 GMT
Content-Type: application/json
Transfer-Encoding: chunked
Connection: keep-alive
Access-Control-Allow-Origin: *
Access-Control-Allow-Methods: GET, POST, DELETE, PUT
Access-Control-Allow-Headers: Content-Type, api_key, Authorization
Server: Jetty(9.2.9.v20150224)

{
    "code": 200,
    "type": "unknown",
    "message": "887750041"
}
]]></system-out>
  </testcase>
  <testcase name="test_deleteUser" classname="api.test.TestUser" time="1.134">
    <system-out><![CDATA[Request method:	DELETE
Request URI:	https://petstore.swagger.io/v2/user/hollis.hirthe
Proxy:			<none>
Request params:	<none>
Query params:	<none>
Form params:	<none>
Path params:	username=hollis.hirthe
Headers:		Accept=*/*
Cookies:		<none>
Multiparts:		<none>
Body:			<none>
HTTP/1.1 200 OK
Date: Fri, 03 May 2024 06:50:16 GMT
Content-Type: application/json
Transfer-Encoding: chunked
Connection: keep-alive
Access-Control-Allow-Origin: *
Access-Control-Allow-Methods: GET, POST, DELETE, PUT
Access-Control-Allow-Headers: Content-Type, api_key, Authorization
Server: Jetty(9.2.9.v20150224)

{
    "code": 200,
    "type": "unknown",
    "message": "hollis.hirthe"
}
]]></system-out>
  </testcase>
  <testcase name="testPostUser[1020, arsgad, arshad, warsi, a.w@gmail.com, abc, 9876789876](1)" classname="api.test.TestUserExcelDriven" time="1.097"/>
  <testcase name="testPostUser[1030, sanju, sanjay , dutt, s.d@gmail.com, abc1, 8787987678](2)" classname="api.test.TestUserExcelDriven" time="1.184"/>
  <testcase name="testPostUser[1040, maheesh, mahesh, manjrekar, m.m@gmail.com, abc12, 6787678987](3)" classname="api.test.TestUserExcelDriven" time="1.113"/>
  <testcase name="testDeleteUser" classname="api.test.TestUserExcelDriven" time="1.525">
    <failure message="java.lang.NullPointerException: Cannot invoke &quot;org.apache.poi.xssf.usermodel.XSSFSheet.getRow(int)&quot; because &quot;this.sheet&quot; is null" type="java.lang.RuntimeException"><![CDATA[java.lang.RuntimeException: java.lang.NullPointerException: Cannot invoke "org.apache.poi.xssf.usermodel.XSSFSheet.getRow(int)" because "this.sheet" is null
	at org.testng.internal.invokers.MethodInvocationHelper.invokeMethodNoCheckedException(MethodInvocationHelper.java:57)
	at org.testng.internal.invokers.MethodInvocationHelper.invokeDataProvider(MethodInvocationHelper.java:157)
	at org.testng.internal.Parameters.handleParameters(Parameters.java:803)
	at org.testng.internal.Parameters.handleParameters(Parameters.java:728)
	at org.testng.internal.invokers.ParameterHandler.handleParameters(ParameterHandler.java:72)
	at org.testng.internal.invokers.ParameterHandler.createParameters(ParameterHandler.java:51)
	at org.testng.internal.invokers.TestInvoker$MethodInvocationAgent.invoke(TestInvoker.java:911)
	at org.testng.internal.invokers.TestInvoker.invokeTestMethods(TestInvoker.java:200)
	at org.testng.internal.invokers.TestMethodWorker.invokeTestMethods(TestMethodWorker.java:148)
	at org.testng.internal.invokers.TestMethodWorker.run(TestMethodWorker.java:128)
	at java.base/java.util.ArrayList.forEach(ArrayList.java:1511)
	at org.testng.TestRunner.privateRun(TestRunner.java:848)
	at org.testng.TestRunner.run(TestRunner.java:621)
	at org.testng.SuiteRunner.runTest(SuiteRunner.java:443)
	at org.testng.SuiteRunner.runSequentially(SuiteRunner.java:437)
	at org.testng.SuiteRunner.privateRun(SuiteRunner.java:397)
	at org.testng.SuiteRunner.run(SuiteRunner.java:336)
	at org.testng.SuiteRunnerWorker.runSuite(SuiteRunnerWorker.java:52)
	at org.testng.SuiteRunnerWorker.run(SuiteRunnerWorker.java:95)
	at org.testng.TestNG.runSuitesSequentially(TestNG.java:1280)
	at org.testng.TestNG.runSuitesLocally(TestNG.java:1200)
	at org.testng.TestNG.runSuites(TestNG.java:1114)
	at org.testng.TestNG.run(TestNG.java:1082)
	at org.apache.maven.surefire.testng.TestNGExecutor.run(TestNGExecutor.java:155)
	at org.apache.maven.surefire.testng.TestNGDirectoryTestSuite.executeMulti(TestNGDirectoryTestSuite.java:169)
	at org.apache.maven.surefire.testng.TestNGDirectoryTestSuite.execute(TestNGDirectoryTestSuite.java:88)
	at org.apache.maven.surefire.testng.TestNGProvider.invoke(TestNGProvider.java:137)
	at org.apache.maven.surefire.booter.ForkedBooter.runSuitesInProcess(ForkedBooter.java:385)
	at org.apache.maven.surefire.booter.ForkedBooter.execute(ForkedBooter.java:162)
	at org.apache.maven.surefire.booter.ForkedBooter.run(ForkedBooter.java:507)
	at org.apache.maven.surefire.booter.ForkedBooter.main(ForkedBooter.java:495)
Caused by: java.lang.NullPointerException: Cannot invoke "org.apache.poi.xssf.usermodel.XSSFSheet.getRow(int)" because "this.sheet" is null
	at api.utilities.XLUtility.getCellData(XLUtility.java:54)
	at api.utilities.DataProviders.getUserNames(DataProviders.java:37)
	at java.base/jdk.internal.reflect.DirectMethodHandleAccessor.invoke(DirectMethodHandleAccessor.java:104)
	at java.base/java.lang.reflect.Method.invoke(Method.java:577)
	at org.testng.internal.invokers.MethodInvocationHelper.invokeMethod(MethodInvocationHelper.java:139)
	at org.testng.internal.invokers.MethodInvocationHelper.invokeMethod(MethodInvocationHelper.java:84)
	at org.testng.internal.invokers.MethodInvocationHelper.invokeMethodNoCheckedException(MethodInvocationHelper.java:53)
	... 30 more
]]></failure>
  </testcase>
</testsuite>