<?xml version="1.0" encoding="UTF-8"?>
<testng-results ignored="0" total="8" passed="7" failed="1" skipped="0">
  <reporter-output>
  </reporter-output>
  <suite started-at="2024-05-03T11:34:19 IST" name="Suite" finished-at="2024-05-03T11:34:43 IST" duration-ms="23863">
    <groups>
    </groups>
    <test started-at="2024-05-03T11:34:19 IST" name="Test" finished-at="2024-05-03T11:34:43 IST" duration-ms="23863">
      <class name="api.test.TestUserExcelDriven">
        <test-method signature="testPostUser(java.lang.String,java.lang.String,java.lang.String,java.lang.String,java.lang.String,java.lang.String,java.lang.String)[pri:1, instance:api.test.TestUserExcelDriven@550dbc7a]" started-at="2024-05-03T11:34:23 IST" name="testPostUser" data-provider="Data" finished-at="2024-05-03T11:34:27 IST" duration-ms="4387" status="PASS">
          <params>
            <param index="0">
              <value>
                <![CDATA[1020]]>
              </value>
            </param>
            <param index="1">
              <value>
                <![CDATA[arsgad]]>
              </value>
            </param>
            <param index="2">
              <value>
                <![CDATA[arshad]]>
              </value>
            </param>
            <param index="3">
              <value>
                <![CDATA[warsi]]>
              </value>
            </param>
            <param index="4">
              <value>
                <![CDATA[a.w@gmail.com]]>
              </value>
            </param>
            <param index="5">
              <value>
                <![CDATA[abc]]>
              </value>
            </param>
            <param index="6">
              <value>
                <![CDATA[9876789876]]>
              </value>
            </param>
          </params>
          <reporter-output>
          </reporter-output>
        </test-method> <!-- testPostUser -->
        <test-method signature="testPostUser(java.lang.String,java.lang.String,java.lang.String,java.lang.String,java.lang.String,java.lang.String,java.lang.String)[pri:1, instance:api.test.TestUserExcelDriven@550dbc7a]" started-at="2024-05-03T11:34:27 IST" name="testPostUser" data-provider="Data" finished-at="2024-05-03T11:34:28 IST" duration-ms="1151" status="PASS">
          <params>
            <param index="0">
              <value>
                <![CDATA[1030]]>
              </value>
            </param>
            <param index="1">
              <value>
                <![CDATA[sanju]]>
              </value>
            </param>
            <param index="2">
              <value>
                <![CDATA[sanjay ]]>
              </value>
            </param>
            <param index="3">
              <value>
                <![CDATA[dutt]]>
              </value>
            </param>
            <param index="4">
              <value>
                <![CDATA[s.d@gmail.com]]>
              </value>
            </param>
            <param index="5">
              <value>
                <![CDATA[abc1]]>
              </value>
            </param>
            <param index="6">
              <value>
                <![CDATA[8787987678]]>
              </value>
            </param>
          </params>
          <reporter-output>
          </reporter-output>
        </test-method> <!-- testPostUser -->
        <test-method signature="testPostUser(java.lang.String,java.lang.String,java.lang.String,java.lang.String,java.lang.String,java.lang.String,java.lang.String)[pri:1, instance:api.test.TestUserExcelDriven@550dbc7a]" started-at="2024-05-03T11:34:28 IST" name="testPostUser" data-provider="Data" finished-at="2024-05-03T11:34:29 IST" duration-ms="1144" status="PASS">
          <params>
            <param index="0">
              <value>
                <![CDATA[1040]]>
              </value>
            </param>
            <param index="1">
              <value>
                <![CDATA[maheesh]]>
              </value>
            </param>
            <param index="2">
              <value>
                <![CDATA[mahesh]]>
              </value>
            </param>
            <param index="3">
              <value>
                <![CDATA[manjrekar]]>
              </value>
            </param>
            <param index="4">
              <value>
                <![CDATA[m.m@gmail.com]]>
              </value>
            </param>
            <param index="5">
              <value>
                <![CDATA[abc12]]>
              </value>
            </param>
            <param index="6">
              <value>
                <![CDATA[6787678987]]>
              </value>
            </param>
          </params>
          <reporter-output>
          </reporter-output>
        </test-method> <!-- testPostUser -->
        <test-method signature="testDeleteUser(java.lang.String)[pri:2, instance:api.test.TestUserExcelDriven@550dbc7a]" started-at="2024-05-03T11:34:29 IST" name="testDeleteUser" data-provider="UserNames" finished-at="2024-05-03T11:34:29 IST" duration-ms="0" status="FAIL">
          <exception class="java.lang.RuntimeException">
            <message>
              <![CDATA[java.lang.NullPointerException: Cannot invoke "org.apache.poi.xssf.usermodel.XSSFSheet.getRow(int)" because "this.sheet" is null]]>
            </message>
            <full-stacktrace>
              <![CDATA[java.lang.RuntimeException: java.lang.NullPointerException: Cannot invoke "org.apache.poi.xssf.usermodel.XSSFSheet.getRow(int)" because "this.sheet" is null
at org.testng.internal.invokers.MethodInvocationHelper.invokeMethodNoCheckedException(MethodInvocationHelper.java:57)
at org.testng.internal.invokers.MethodInvocationHelper.invokeDataProvider(MethodInvocationHelper.java:157)
at org.testng.internal.Parameters.handleParameters(Parameters.java:803)
at org.testng.internal.Parameters.handleParameters(Parameters.java:728)
at org.testng.internal.invokers.ParameterHandler.handleParameters(ParameterHandler.java:72)
at org.testng.internal.invokers.ParameterHandler.createParameters(ParameterHandler.java:51)
at org.testng.internal.invokers.TestInvoker$MethodInvocationAgent.invoke(TestInvoker.java:911)
at org.testng.internal.invokers.TestInvoker.invokeTestMethods(TestInvoker.java:200)
at org.testng.internal.invokers.TestMethodWorker.invokeTestMethods(TestMethodWorker.java:148)
at org.testng.internal.invokers.TestMethodWorker.run(TestMethodWorker.java:128)
at java.base/java.util.ArrayList.forEach(ArrayList.java:1511)
at org.testng.TestRunner.privateRun(TestRunner.java:848)
at org.testng.TestRunner.run(TestRunner.java:621)
at org.testng.SuiteRunner.runTest(SuiteRunner.java:443)
at org.testng.SuiteRunner.runSequentially(SuiteRunner.java:437)
at org.testng.SuiteRunner.privateRun(SuiteRunner.java:397)
at org.testng.SuiteRunner.run(SuiteRunner.java:336)
at org.testng.SuiteRunnerWorker.runSuite(SuiteRunnerWorker.java:52)
at org.testng.SuiteRunnerWorker.run(SuiteRunnerWorker.java:95)
at org.testng.TestNG.runSuitesSequentially(TestNG.java:1280)
at org.testng.TestNG.runSuitesLocally(TestNG.java:1200)
at org.testng.TestNG.runSuites(TestNG.java:1114)
at org.testng.TestNG.run(TestNG.java:1082)
at org.testng.remote.AbstractRemoteTestNG.run(AbstractRemoteTestNG.java:115)
at org.testng.remote.RemoteTestNG.initAndRun(RemoteTestNG.java:251)
at org.testng.remote.RemoteTestNG.main(RemoteTestNG.java:77)
Caused by: java.lang.NullPointerException: Cannot invoke "org.apache.poi.xssf.usermodel.XSSFSheet.getRow(int)" because "this.sheet" is null
at api.utilities.XLUtility.getCellData(XLUtility.java:54)
at api.utilities.DataProviders.getUserNames(DataProviders.java:37)
at java.base/jdk.internal.reflect.NativeMethodAccessorImpl.invoke0(Native Method)
at java.base/jdk.internal.reflect.NativeMethodAccessorImpl.invoke(NativeMethodAccessorImpl.java:77)
at java.base/jdk.internal.reflect.DelegatingMethodAccessorImpl.invoke(DelegatingMethodAccessorImpl.java:43)
at java.base/java.lang.reflect.Method.invoke(Method.java:568)
at org.testng.internal.invokers.MethodInvocationHelper.invokeMethod(MethodInvocationHelper.java:139)
at org.testng.internal.invokers.MethodInvocationHelper.invokeMethod(MethodInvocationHelper.java:84)
at org.testng.internal.invokers.MethodInvocationHelper.invokeMethodNoCheckedException(MethodInvocationHelper.java:53)
... 25 more
]]>
            </full-stacktrace>
          </exception> <!-- java.lang.RuntimeException -->
          <reporter-output>
          </reporter-output>
        </test-method> <!-- testDeleteUser -->
      </class> <!-- api.test.TestUserExcelDriven -->
      <class name="api.test.TestUser">
        <test-method is-config="true" signature="setUp()[pri:0, instance:api.test.TestUser@4d5650ae]" started-at="2024-05-03T11:34:29 IST" name="setUp" finished-at="2024-05-03T11:34:30 IST" duration-ms="359" status="PASS">
          <reporter-output>
          </reporter-output>
        </test-method> <!-- setUp -->
        <test-method signature="test_postUser()[pri:1, instance:api.test.TestUser@4d5650ae]" started-at="2024-05-03T11:34:30 IST" name="test_postUser" finished-at="2024-05-03T11:34:32 IST" duration-ms="2338" status="PASS">
          <reporter-output>
          </reporter-output>
        </test-method> <!-- test_postUser -->
        <test-method signature="test_getUser()[pri:2, instance:api.test.TestUser@4d5650ae]" started-at="2024-05-03T11:34:32 IST" name="test_getUser" finished-at="2024-05-03T11:34:33 IST" duration-ms="1212" status="PASS">
          <reporter-output>
          </reporter-output>
        </test-method> <!-- test_getUser -->
        <test-method signature="test_putUser()[pri:3, instance:api.test.TestUser@4d5650ae]" started-at="2024-05-03T11:34:33 IST" name="test_putUser" finished-at="2024-05-03T11:34:36 IST" duration-ms="2258" status="PASS">
          <reporter-output>
          </reporter-output>
        </test-method> <!-- test_putUser -->
        <test-method signature="test_deleteUser()[pri:4, instance:api.test.TestUser@4d5650ae]" started-at="2024-05-03T11:34:36 IST" name="test_deleteUser" finished-at="2024-05-03T11:34:43 IST" duration-ms="6973" status="PASS">
          <reporter-output>
          </reporter-output>
        </test-method> <!-- test_deleteUser -->
      </class> <!-- api.test.TestUser -->
    </test> <!-- Test -->
  </suite> <!-- Suite -->
</testng-results>
